build/app/intermediates/manifest_merge_blame_file/debug/manifest-merger-blame-debug-report.txt
1<?xml version="1.0" encoding="utf-8"?>
2<manifest xmlns:android="http://schemas.android.com/apk/res/android"
3    package="com.wrteam.eschool"
4    android:versionCode="3"
5    android:versionName="1.0.2" >
6
7    <uses-sdk
8        android:minSdkVersion="21"
9        android:targetSdkVersion="31" />
10    <!--
11         Flutter needs it to communicate with the running application
12         to allow setting breakpoints, to provide hot reload, etc.
13    -->
14    <uses-permission android:name="android.permission.INTERNET" />
14-->src/main/AndroidManifest.xml:4:5-66
14-->src/main/AndroidManifest.xml:4:22-64
15    <uses-permission android:name="android.permission.READ_EXTERNAL_STORAGE" />
15-->src/main/AndroidManifest.xml:5:5-79
15-->src/main/AndroidManifest.xml:5:22-77
16    <uses-permission android:name="android.permission.WRITE_EXTERNAL_STORAGE" />
16-->src/main/AndroidManifest.xml:6:5-80
16-->src/main/AndroidManifest.xml:6:22-78
17    <uses-permission android:name="android.permission.WAKE_LOCK" />
17-->[:firebase_messaging] AndroidManifest.xml:10:5-68
17-->[:firebase_messaging] AndroidManifest.xml:10:22-65
18    <uses-permission android:name="android.permission.ACCESS_NETWORK_STATE" /> <!-- Permissions options for the `notification` group -->
18-->[:firebase_messaging] AndroidManifest.xml:11:5-79
18-->[:firebase_messaging] AndroidManifest.xml:11:22-76
19    <uses-permission android:name="android.permission.POST_NOTIFICATIONS" />
19-->[:firebase_messaging] AndroidManifest.xml:13:5-77
19-->[:firebase_messaging] AndroidManifest.xml:13:22-74
20
21    <queries>
21-->[:file_picker] AndroidManifest.xml:11:5-17:15
22        <intent>
22-->[:file_picker] AndroidManifest.xml:12:9-16:18
23            <action android:name="android.intent.action.GET_CONTENT" />
23-->[:file_picker] AndroidManifest.xml:13:13-72
23-->[:file_picker] AndroidManifest.xml:13:21-69
24
25            <data android:mimeType="*/*" />
25-->[:file_picker] AndroidManifest.xml:15:13-44
25-->[:file_picker] AndroidManifest.xml:15:19-41
26        </intent>
27        <intent>
27-->[:flutter_inappwebview] AndroidManifest.xml:10:9-12:18
28            <action android:name="android.support.customtabs.action.CustomTabsService" />
28-->[:flutter_inappwebview] AndroidManifest.xml:11:13-90
28-->[:flutter_inappwebview] AndroidManifest.xml:11:21-87
29        </intent>
30    </queries>
31
32    <uses-permission android:name="android.permission.BROADCAST_CLOSE_SYSTEM_DIALOGS" />
32-->[:awesome_notifications] AndroidManifest.xml:10:5-89
32-->[:awesome_notifications] AndroidManifest.xml:10:22-86
33    <uses-permission android:name="android.permission.RECEIVE_BOOT_COMPLETED" />
33-->[:awesome_notifications] AndroidManifest.xml:11:5-81
33-->[:awesome_notifications] AndroidManifest.xml:11:22-78
34    <uses-permission android:name="android.permission.VIBRATE" /> <!-- Required by older versions of Google Play services to create IID tokens -->
34-->[:awesome_notifications] AndroidManifest.xml:12:5-66
34-->[:awesome_notifications] AndroidManifest.xml:12:22-63
35    <uses-permission android:name="com.google.android.c2dm.permission.RECEIVE" /> <!-- for android -->
35-->[com.google.firebase:firebase-messaging:23.1.1] AndroidManifest.xml:28:5-82
35-->[com.google.firebase:firebase-messaging:23.1.1] AndroidManifest.xml:28:22-79
36    <!-- <uses-permission android:name="com.android.launcher.permission.READ_SETTINGS"/> -->
37    <!-- <uses-permission android:name="com.android.launcher.permission.WRITE_SETTINGS"/> -->
38    <!-- <uses-permission android:name="com.android.launcher.permission.INSTALL_SHORTCUT" /> -->
39    <!-- <uses-permission android:name="com.android.launcher.permission.UNINSTALL_SHORTCUT" /> -->
40    <!-- for Samsung -->
41    <uses-permission android:name="com.sec.android.provider.badge.permission.READ" />
41-->[me.leolin:ShortcutBadger:1.1.22] AndroidManifest.xml:19:5-86
41-->[me.leolin:ShortcutBadger:1.1.22] AndroidManifest.xml:19:22-83
42    <uses-permission android:name="com.sec.android.provider.badge.permission.WRITE" /> <!-- for htc -->
42-->[me.leolin:ShortcutBadger:1.1.22] AndroidManifest.xml:20:5-87
42-->[me.leolin:ShortcutBadger:1.1.22] AndroidManifest.xml:20:22-84
43    <uses-permission android:name="com.htc.launcher.permission.READ_SETTINGS" />
43-->[me.leolin:ShortcutBadger:1.1.22] AndroidManifest.xml:23:5-81
43-->[me.leolin:ShortcutBadger:1.1.22] AndroidManifest.xml:23:22-78
44    <uses-permission android:name="com.htc.launcher.permission.UPDATE_SHORTCUT" /> <!-- for sony -->
44-->[me.leolin:ShortcutBadger:1.1.22] AndroidManifest.xml:24:5-83
44-->[me.leolin:ShortcutBadger:1.1.22] AndroidManifest.xml:24:22-80
45    <uses-permission android:name="com.sonyericsson.home.permission.BROADCAST_BADGE" />
45-->[me.leolin:ShortcutBadger:1.1.22] AndroidManifest.xml:27:5-88
45-->[me.leolin:ShortcutBadger:1.1.22] AndroidManifest.xml:27:22-85
46    <uses-permission android:name="com.sonymobile.home.permission.PROVIDER_INSERT_BADGE" /> <!-- for apex -->
46-->[me.leolin:ShortcutBadger:1.1.22] AndroidManifest.xml:28:5-92
46-->[me.leolin:ShortcutBadger:1.1.22] AndroidManifest.xml:28:22-89
47    <uses-permission android:name="com.anddoes.launcher.permission.UPDATE_COUNT" /> <!-- for solid -->
47-->[me.leolin:ShortcutBadger:1.1.22] AndroidManifest.xml:31:5-84
47-->[me.leolin:ShortcutBadger:1.1.22] AndroidManifest.xml:31:22-81
48    <uses-permission android:name="com.majeur.launcher.permission.UPDATE_BADGE" /> <!-- for huawei -->
48-->[me.leolin:ShortcutBadger:1.1.22] AndroidManifest.xml:34:5-83
48-->[me.leolin:ShortcutBadger:1.1.22] AndroidManifest.xml:34:22-80
49    <uses-permission android:name="com.huawei.android.launcher.permission.CHANGE_BADGE" />
49-->[me.leolin:ShortcutBadger:1.1.22] AndroidManifest.xml:37:5-91
49-->[me.leolin:ShortcutBadger:1.1.22] AndroidManifest.xml:37:22-88
50    <uses-permission android:name="com.huawei.android.launcher.permission.READ_SETTINGS" />
50-->[me.leolin:ShortcutBadger:1.1.22] AndroidManifest.xml:38:5-92
50-->[me.leolin:ShortcutBadger:1.1.22] AndroidManifest.xml:38:22-89
51    <uses-permission android:name="com.huawei.android.launcher.permission.WRITE_SETTINGS" /> <!-- for ZUK -->
51-->[me.leolin:ShortcutBadger:1.1.22] AndroidManifest.xml:39:5-93
51-->[me.leolin:ShortcutBadger:1.1.22] AndroidManifest.xml:39:22-90
52    <uses-permission android:name="android.permission.READ_APP_BADGE" /> <!-- for OPPO -->
52-->[me.leolin:ShortcutBadger:1.1.22] AndroidManifest.xml:42:5-73
52-->[me.leolin:ShortcutBadger:1.1.22] AndroidManifest.xml:42:22-70
53    <uses-permission android:name="com.oppo.launcher.permission.READ_SETTINGS" />
53-->[me.leolin:ShortcutBadger:1.1.22] AndroidManifest.xml:45:5-82
53-->[me.leolin:ShortcutBadger:1.1.22] AndroidManifest.xml:45:22-79
54    <uses-permission android:name="com.oppo.launcher.permission.WRITE_SETTINGS" /> <!-- for EvMe -->
54-->[me.leolin:ShortcutBadger:1.1.22] AndroidManifest.xml:46:5-83
54-->[me.leolin:ShortcutBadger:1.1.22] AndroidManifest.xml:46:22-80
55    <uses-permission android:name="me.everything.badger.permission.BADGE_COUNT_READ" />
55-->[me.leolin:ShortcutBadger:1.1.22] AndroidManifest.xml:49:5-88
55-->[me.leolin:ShortcutBadger:1.1.22] AndroidManifest.xml:49:22-85
56    <uses-permission android:name="me.everything.badger.permission.BADGE_COUNT_WRITE" />
56-->[me.leolin:ShortcutBadger:1.1.22] AndroidManifest.xml:50:5-89
56-->[me.leolin:ShortcutBadger:1.1.22] AndroidManifest.xml:50:22-86
57
58    <application
59        android:name="android.app.Application"
60        android:appComponentFactory="androidx.core.app.CoreComponentFactory"
60-->[androidx.core:core:1.8.0] AndroidManifest.xml:24:18-86
61        android:debuggable="true"
62        android:icon="@mipmap/ic_launcher"
63        android:label="eSchool"
64        android:networkSecurityConfig="@xml/network_security_config"
65        android:requestLegacyExternalStorage="true"
66        android:usesCleartextTraffic="true" >
67        <activity
68            android:name="com.wrteam.eschool.MainActivity"
69            android:configChanges="orientation|keyboardHidden|keyboard|screenSize|smallestScreenSize|locale|layoutDirection|fontScale|screenLayout|density|uiMode"
70            android:exported="true"
71            android:hardwareAccelerated="true"
72            android:launchMode="singleTop"
73            android:theme="@style/LaunchTheme"
74            android:windowSoftInputMode="adjustResize" >
75
76            <!--
77                 Specifies an Android theme to apply to this Activity as soon as
78                 the Android process has started. This theme is visible to the user
79                 while the Flutter UI initializes. After that, this theme continues
80                 to determine the Window background behind the Flutter UI.
81            -->
82            <meta-data
83                android:name="io.flutter.embedding.android.NormalTheme"
84                android:resource="@style/NormalTheme" />
85
86            <intent-filter>
87                <action android:name="android.intent.action.MAIN" />
88
89                <category android:name="android.intent.category.LAUNCHER" />
90            </intent-filter>
91            <intent-filter>
92                <action android:name="FLUTTER_NOTIFICATION_CLICK" />
93
94                <category android:name="android.intent.category.DEFAULT" />
94-->[:awesome_notifications] AndroidManifest.xml:29:17-76
94-->[:awesome_notifications] AndroidManifest.xml:29:27-73
95            </intent-filter>
96        </activity>
97        <!--
98             Don't delete the meta-data below.
99             This is used by the Flutter tool to generate GeneratedPluginRegistrant.java
100        -->
101        <meta-data
102            android:name="flutterEmbedding"
103            android:value="2" />
104
105        <service
105-->[:firebase_messaging] AndroidManifest.xml:16:9-19:72
106            android:name="io.flutter.plugins.firebase.messaging.FlutterFirebaseMessagingBackgroundService"
106-->[:firebase_messaging] AndroidManifest.xml:17:13-107
107            android:exported="false"
107-->[:firebase_messaging] AndroidManifest.xml:18:13-37
108            android:permission="android.permission.BIND_JOB_SERVICE" />
108-->[:firebase_messaging] AndroidManifest.xml:19:13-69
109        <service
109-->[:firebase_messaging] AndroidManifest.xml:20:9-26:19
110            android:name="io.flutter.plugins.firebase.messaging.FlutterFirebaseMessagingService"
110-->[:firebase_messaging] AndroidManifest.xml:21:13-97
111            android:exported="false" >
111-->[:firebase_messaging] AndroidManifest.xml:22:13-37
112            <intent-filter>
112-->[:firebase_messaging] AndroidManifest.xml:23:13-25:29
113                <action android:name="com.google.firebase.MESSAGING_EVENT" />
113-->[:firebase_messaging] AndroidManifest.xml:24:17-78
113-->[:firebase_messaging] AndroidManifest.xml:24:25-75
114            </intent-filter>
115        </service>
116
117        <receiver
117-->[:firebase_messaging] AndroidManifest.xml:28:9-35:20
118            android:name="io.flutter.plugins.firebase.messaging.FlutterFirebaseMessagingReceiver"
118-->[:firebase_messaging] AndroidManifest.xml:29:13-98
119            android:exported="true"
119-->[:firebase_messaging] AndroidManifest.xml:30:13-36
120            android:permission="com.google.android.c2dm.permission.SEND" >
120-->[:firebase_messaging] AndroidManifest.xml:31:13-73
121            <intent-filter>
121-->[:firebase_messaging] AndroidManifest.xml:32:13-34:29
122                <action android:name="com.google.android.c2dm.intent.RECEIVE" />
122-->[:firebase_messaging] AndroidManifest.xml:33:17-81
122-->[:firebase_messaging] AndroidManifest.xml:33:25-78
123            </intent-filter>
124        </receiver>
125
126        <service
126-->[:firebase_messaging] AndroidManifest.xml:37:9-41:19
127            android:name="com.google.firebase.components.ComponentDiscoveryService"
127-->[:firebase_messaging] AndroidManifest.xml:37:18-89
128            android:directBootAware="true"
128-->[com.google.firebase:firebase-common:20.3.0] AndroidManifest.xml:34:13-43
129            android:exported="false" >
129-->[com.google.firebase:firebase-messaging:23.1.1] AndroidManifest.xml:54:13-37
130            <meta-data
130-->[:firebase_messaging] AndroidManifest.xml:38:13-40:85
131                android:name="com.google.firebase.components:io.flutter.plugins.firebase.messaging.FlutterFirebaseAppRegistrar"
131-->[:firebase_messaging] AndroidManifest.xml:39:17-128
132                android:value="com.google.firebase.components.ComponentRegistrar" />
132-->[:firebase_messaging] AndroidManifest.xml:40:17-82
133            <meta-data
133-->[:firebase_core] AndroidManifest.xml:11:13-13:85
134                android:name="com.google.firebase.components:io.flutter.plugins.firebase.core.FlutterFirebaseCoreRegistrar"
134-->[:firebase_core] AndroidManifest.xml:12:17-124
135                android:value="com.google.firebase.components.ComponentRegistrar" />
135-->[:firebase_core] AndroidManifest.xml:13:17-82
136            <meta-data
136-->[com.google.firebase:firebase-messaging:23.1.1] AndroidManifest.xml:55:13-57:85
137                android:name="com.google.firebase.components:com.google.firebase.messaging.FirebaseMessagingRegistrar"
137-->[com.google.firebase:firebase-messaging:23.1.1] AndroidManifest.xml:56:17-119
138                android:value="com.google.firebase.components.ComponentRegistrar" />
138-->[com.google.firebase:firebase-messaging:23.1.1] AndroidManifest.xml:57:17-82
139            <meta-data
139-->[com.google.firebase:firebase-datatransport:18.1.7] AndroidManifest.xml:27:13-29:85
140                android:name="com.google.firebase.components:com.google.firebase.datatransport.TransportRegistrar"
140-->[com.google.firebase:firebase-datatransport:18.1.7] AndroidManifest.xml:28:17-115
141                android:value="com.google.firebase.components.ComponentRegistrar" />
141-->[com.google.firebase:firebase-datatransport:18.1.7] AndroidManifest.xml:29:17-82
142            <meta-data
142-->[com.google.firebase:firebase-iid:21.1.0] AndroidManifest.xml:32:13-34:85
143                android:name="com.google.firebase.components:com.google.firebase.iid.Registrar"
143-->[com.google.firebase:firebase-iid:21.1.0] AndroidManifest.xml:33:17-96
144                android:value="com.google.firebase.components.ComponentRegistrar" />
144-->[com.google.firebase:firebase-iid:21.1.0] AndroidManifest.xml:34:17-82
145            <meta-data
145-->[com.google.firebase:firebase-installations:17.1.2] AndroidManifest.xml:17:13-19:85
146                android:name="com.google.firebase.components:com.google.firebase.installations.FirebaseInstallationsRegistrar"
146-->[com.google.firebase:firebase-installations:17.1.2] AndroidManifest.xml:18:17-127
147                android:value="com.google.firebase.components.ComponentRegistrar" />
147-->[com.google.firebase:firebase-installations:17.1.2] AndroidManifest.xml:19:17-82
148        </service>
149
150        <provider
150-->[:firebase_messaging] AndroidManifest.xml:43:9-47:38
151            android:name="io.flutter.plugins.firebase.messaging.FlutterFirebaseMessagingInitProvider"
151-->[:firebase_messaging] AndroidManifest.xml:44:13-102
152            android:authorities="com.wrteam.eschool.flutterfirebasemessaginginitprovider"
152-->[:firebase_messaging] AndroidManifest.xml:45:13-88
153            android:exported="false"
153-->[:firebase_messaging] AndroidManifest.xml:46:13-37
154            android:initOrder="99" />
154-->[:firebase_messaging] AndroidManifest.xml:47:13-35
155
156        <receiver
156-->[:awesome_notifications] AndroidManifest.xml:15:9-17:39
157            android:name="me.carda.awesome_notifications.DartNotificationActionReceiver"
157-->[:awesome_notifications] AndroidManifest.xml:16:13-89
158            android:exported="true" />
158-->[:awesome_notifications] AndroidManifest.xml:17:13-36
159        <receiver
159-->[:awesome_notifications] AndroidManifest.xml:18:9-20:39
160            android:name="me.carda.awesome_notifications.DartDismissedNotificationReceiver"
160-->[:awesome_notifications] AndroidManifest.xml:19:13-92
161            android:exported="true" />
161-->[:awesome_notifications] AndroidManifest.xml:20:13-36
162        <receiver
162-->[:awesome_notifications] AndroidManifest.xml:21:9-23:39
163            android:name="me.carda.awesome_notifications.DartScheduledNotificationReceiver"
163-->[:awesome_notifications] AndroidManifest.xml:22:13-92
164            android:exported="true" />
164-->[:awesome_notifications] AndroidManifest.xml:23:13-36
165        <receiver
165-->[:awesome_notifications] AndroidManifest.xml:24:9-38:20
166            android:name="me.carda.awesome_notifications.DartRefreshSchedulesReceiver"
166-->[:awesome_notifications] AndroidManifest.xml:25:13-87
167            android:enabled="true"
167-->[:awesome_notifications] AndroidManifest.xml:26:13-35
168            android:exported="true" >
168-->[:awesome_notifications] AndroidManifest.xml:27:13-36
169            <intent-filter>
169-->[:awesome_notifications] AndroidManifest.xml:28:13-37:29
170                <category android:name="android.intent.category.DEFAULT" />
170-->[:awesome_notifications] AndroidManifest.xml:29:17-76
170-->[:awesome_notifications] AndroidManifest.xml:29:27-73
171
172                <action android:name="android.intent.action.BOOT_COMPLETED" />
172-->[:awesome_notifications] AndroidManifest.xml:31:17-79
172-->[:awesome_notifications] AndroidManifest.xml:31:25-76
173                <action android:name="android.intent.action.LOCKED_BOOT_COMPLETED" />
173-->[:awesome_notifications] AndroidManifest.xml:32:17-86
173-->[:awesome_notifications] AndroidManifest.xml:32:25-83
174                <action android:name="android.intent.action.MY_PACKAGE_REPLACED" />
174-->[:awesome_notifications] AndroidManifest.xml:33:17-84
174-->[:awesome_notifications] AndroidManifest.xml:33:25-81
175                <action android:name="android.intent.action.QUICKBOOT_POWERON" />
175-->[:awesome_notifications] AndroidManifest.xml:34:17-82
175-->[:awesome_notifications] AndroidManifest.xml:34:25-79
176                <action android:name="com.htc.intent.action.QUICKBOOT_POWERON" />
176-->[:awesome_notifications] AndroidManifest.xml:35:17-82
176-->[:awesome_notifications] AndroidManifest.xml:35:25-79
177                <action android:name="android.app.action.SCHEDULE_EXACT_ALARM_PERMISSION_STATE_CHANGED" />
177-->[:awesome_notifications] AndroidManifest.xml:36:17-107
177-->[:awesome_notifications] AndroidManifest.xml:36:25-104
178            </intent-filter>
179        </receiver>
180
181        <service
181-->[:awesome_notifications] AndroidManifest.xml:40:9-43:72
182            android:name="me.carda.awesome_notifications.DartBackgroundService"
182-->[:awesome_notifications] AndroidManifest.xml:41:13-80
183            android:exported="false"
183-->[:awesome_notifications] AndroidManifest.xml:42:13-37
184            android:permission="android.permission.BIND_JOB_SERVICE" />
184-->[:awesome_notifications] AndroidManifest.xml:43:13-69
185        <service
185-->[:awesome_notifications] AndroidManifest.xml:44:9-49:43
186            android:name="me.carda.awesome_notifications.core.services.ForegroundService"
186-->[:awesome_notifications] AndroidManifest.xml:45:13-90
187            android:enabled="true"
187-->[:awesome_notifications] AndroidManifest.xml:46:13-35
188            android:exported="false"
188-->[:awesome_notifications] AndroidManifest.xml:47:13-37
189            android:foregroundServiceType="phoneCall"
189-->[:awesome_notifications] AndroidManifest.xml:48:13-54
190            android:stopWithTask="true" />
190-->[:awesome_notifications] AndroidManifest.xml:49:13-40
191
192        <activity
192-->[:url_launcher_android] AndroidManifest.xml:10:9-13:74
193            android:name="io.flutter.plugins.urllauncher.WebViewActivity"
193-->[:url_launcher_android] AndroidManifest.xml:11:13-74
194            android:exported="false"
194-->[:url_launcher_android] AndroidManifest.xml:12:13-37
195            android:theme="@android:style/Theme.NoTitleBar.Fullscreen" />
195-->[:url_launcher_android] AndroidManifest.xml:13:13-71
196        <activity
196-->[:flutter_inappwebview] AndroidManifest.xml:16:9-20:47
197            android:name="com.pichillilorenzo.flutter_inappwebview.in_app_browser.InAppBrowserActivity"
197-->[:flutter_inappwebview] AndroidManifest.xml:17:13-104
198            android:configChanges="orientation|keyboardHidden|keyboard|screenSize|locale|layoutDirection|fontScale|screenLayout|density"
198-->[:flutter_inappwebview] AndroidManifest.xml:18:13-137
199            android:exported="false"
199-->[:flutter_inappwebview] AndroidManifest.xml:19:13-37
200            android:theme="@style/AppTheme" />
200-->[:flutter_inappwebview] AndroidManifest.xml:20:13-44
201        <activity
201-->[:flutter_inappwebview] AndroidManifest.xml:21:9-24:55
202            android:name="com.pichillilorenzo.flutter_inappwebview.chrome_custom_tabs.ChromeCustomTabsActivity"
202-->[:flutter_inappwebview] AndroidManifest.xml:22:13-112
203            android:exported="false"
203-->[:flutter_inappwebview] AndroidManifest.xml:23:13-37
204            android:theme="@style/ThemeTransparent" />
204-->[:flutter_inappwebview] AndroidManifest.xml:24:13-52
205        <activity
205-->[:flutter_inappwebview] AndroidManifest.xml:25:9-28:55
206            android:name="com.pichillilorenzo.flutter_inappwebview.chrome_custom_tabs.TrustedWebActivity"
206-->[:flutter_inappwebview] AndroidManifest.xml:26:13-106
207            android:exported="false"
207-->[:flutter_inappwebview] AndroidManifest.xml:27:13-37
208            android:theme="@style/ThemeTransparent" />
208-->[:flutter_inappwebview] AndroidManifest.xml:28:13-52
209        <activity
209-->[:flutter_inappwebview] AndroidManifest.xml:29:9-33:55
210            android:name="com.pichillilorenzo.flutter_inappwebview.chrome_custom_tabs.ChromeCustomTabsActivitySingleInstance"
210-->[:flutter_inappwebview] AndroidManifest.xml:30:13-126
211            android:exported="false"
211-->[:flutter_inappwebview] AndroidManifest.xml:31:13-37
212            android:launchMode="singleInstance"
212-->[:flutter_inappwebview] AndroidManifest.xml:32:13-48
213            android:theme="@style/ThemeTransparent" />
213-->[:flutter_inappwebview] AndroidManifest.xml:33:13-52
214        <activity
214-->[:flutter_inappwebview] AndroidManifest.xml:34:9-38:55
215            android:name="com.pichillilorenzo.flutter_inappwebview.chrome_custom_tabs.TrustedWebActivitySingleInstance"
215-->[:flutter_inappwebview] AndroidManifest.xml:35:13-120
216            android:exported="false"
216-->[:flutter_inappwebview] AndroidManifest.xml:36:13-37
217            android:launchMode="singleInstance"
217-->[:flutter_inappwebview] AndroidManifest.xml:37:13-48
218            android:theme="@style/ThemeTransparent" />
218-->[:flutter_inappwebview] AndroidManifest.xml:38:13-52
219
220        <receiver
220-->[:flutter_inappwebview] AndroidManifest.xml:40:9-43:40
221            android:name="com.pichillilorenzo.flutter_inappwebview.chrome_custom_tabs.ActionBroadcastReceiver"
221-->[:flutter_inappwebview] AndroidManifest.xml:41:13-111
222            android:enabled="true"
222-->[:flutter_inappwebview] AndroidManifest.xml:42:13-35
223            android:exported="false" />
223-->[:flutter_inappwebview] AndroidManifest.xml:43:13-37
224
225        <meta-data
225-->[:flutter_inappwebview] AndroidManifest.xml:45:9-47:36
226            android:name="io.flutter.embedded_views_preview"
226-->[:flutter_inappwebview] AndroidManifest.xml:46:13-61
227            android:value="true" />
227-->[:flutter_inappwebview] AndroidManifest.xml:47:13-33
228
229        <provider
229-->[:better_open_file] AndroidManifest.xml:11:9-20:20
230            android:name="com.crazecoder.openfile.FileProvider"
230-->[:better_open_file] AndroidManifest.xml:12:13-64
231            android:authorities="com.wrteam.eschool.fileProvider.com.crazecoder.openfile"
231-->[:better_open_file] AndroidManifest.xml:13:13-88
232            android:exported="false"
232-->[:better_open_file] AndroidManifest.xml:14:13-37
233            android:grantUriPermissions="true" >
233-->[:better_open_file] AndroidManifest.xml:15:13-47
234            <meta-data
234-->[:better_open_file] AndroidManifest.xml:17:13-19:53
235                android:name="android.support.FILE_PROVIDER_PATHS"
235-->[:better_open_file] AndroidManifest.xml:18:17-67
236                android:resource="@xml/filepaths" />
236-->[:better_open_file] AndroidManifest.xml:19:17-50
237        </provider>
238
239        <receiver
239-->[com.google.firebase:firebase-messaging:23.1.1] AndroidManifest.xml:31:9-38:20
240            android:name="com.google.firebase.iid.FirebaseInstanceIdReceiver"
240-->[com.google.firebase:firebase-messaging:23.1.1] AndroidManifest.xml:32:13-78
241            android:exported="true"
241-->[com.google.firebase:firebase-messaging:23.1.1] AndroidManifest.xml:33:13-36
242            android:permission="com.google.android.c2dm.permission.SEND" >
242-->[com.google.firebase:firebase-messaging:23.1.1] AndroidManifest.xml:34:13-73
243            <intent-filter>
243-->[:firebase_messaging] AndroidManifest.xml:32:13-34:29
244                <action android:name="com.google.android.c2dm.intent.RECEIVE" />
244-->[:firebase_messaging] AndroidManifest.xml:33:17-81
244-->[:firebase_messaging] AndroidManifest.xml:33:25-78
245            </intent-filter>
246        </receiver>
247        <!--
248             FirebaseMessagingService performs security checks at runtime,
249             but set to not exported to explicitly avoid allowing another app to call it.
250        -->
251        <service
251-->[com.google.firebase:firebase-messaging:23.1.1] AndroidManifest.xml:44:9-51:19
252            android:name="com.google.firebase.messaging.FirebaseMessagingService"
252-->[com.google.firebase:firebase-messaging:23.1.1] AndroidManifest.xml:45:13-82
253            android:directBootAware="true"
253-->[com.google.firebase:firebase-messaging:23.1.1] AndroidManifest.xml:46:13-43
254            android:exported="false" >
254-->[com.google.firebase:firebase-messaging:23.1.1] AndroidManifest.xml:47:13-37
255            <intent-filter android:priority="-500" >
255-->[:firebase_messaging] AndroidManifest.xml:23:13-25:29
256                <action android:name="com.google.firebase.MESSAGING_EVENT" />
256-->[:firebase_messaging] AndroidManifest.xml:24:17-78
256-->[:firebase_messaging] AndroidManifest.xml:24:25-75
257            </intent-filter>
258        </service>
259
260        <activity
260-->[com.google.android.gms:play-services-base:18.0.1] AndroidManifest.xml:20:9-22:45
261            android:name="com.google.android.gms.common.api.GoogleApiActivity"
261-->[com.google.android.gms:play-services-base:18.0.1] AndroidManifest.xml:20:19-85
262            android:exported="false"
262-->[com.google.android.gms:play-services-base:18.0.1] AndroidManifest.xml:22:19-43
263            android:theme="@android:style/Theme.Translucent.NoTitleBar" />
263-->[com.google.android.gms:play-services-base:18.0.1] AndroidManifest.xml:21:19-78
264
265        <provider
265-->[com.google.firebase:firebase-common:20.3.0] AndroidManifest.xml:25:9-30:39
266            android:name="com.google.firebase.provider.FirebaseInitProvider"
266-->[com.google.firebase:firebase-common:20.3.0] AndroidManifest.xml:26:13-77
267            android:authorities="com.wrteam.eschool.firebaseinitprovider"
267-->[com.google.firebase:firebase-common:20.3.0] AndroidManifest.xml:27:13-72
268            android:directBootAware="true"
268-->[com.google.firebase:firebase-common:20.3.0] AndroidManifest.xml:28:13-43
269            android:exported="false"
269-->[com.google.firebase:firebase-common:20.3.0] AndroidManifest.xml:29:13-37
270            android:initOrder="100" />
270-->[com.google.firebase:firebase-common:20.3.0] AndroidManifest.xml:30:13-36
271
272        <meta-data
272-->[com.google.android.gms:play-services-basement:18.1.0] AndroidManifest.xml:21:9-23:69
273            android:name="com.google.android.gms.version"
273-->[com.google.android.gms:play-services-basement:18.1.0] AndroidManifest.xml:22:13-58
274            android:value="@integer/google_play_services_version" />
274-->[com.google.android.gms:play-services-basement:18.1.0] AndroidManifest.xml:23:13-66
275
276        <uses-library
276-->[androidx.window:window:1.0.0-beta04] AndroidManifest.xml:25:9-27:40
277            android:name="androidx.window.extensions"
277-->[androidx.window:window:1.0.0-beta04] AndroidManifest.xml:26:13-54
278            android:required="false" />
278-->[androidx.window:window:1.0.0-beta04] AndroidManifest.xml:27:13-37
279        <uses-library
279-->[androidx.window:window:1.0.0-beta04] AndroidManifest.xml:28:9-30:40
280            android:name="androidx.window.sidecar"
280-->[androidx.window:window:1.0.0-beta04] AndroidManifest.xml:29:13-51
281            android:required="false" />
281-->[androidx.window:window:1.0.0-beta04] AndroidManifest.xml:30:13-37
282
283        <service
283-->[com.google.android.datatransport:transport-backend-cct:3.1.8] AndroidManifest.xml:28:9-34:19
284            android:name="com.google.android.datatransport.runtime.backends.TransportBackendDiscovery"
284-->[com.google.android.datatransport:transport-backend-cct:3.1.8] AndroidManifest.xml:29:13-103
285            android:exported="false" >
285-->[com.google.android.datatransport:transport-backend-cct:3.1.8] AndroidManifest.xml:30:13-37
286            <meta-data
286-->[com.google.android.datatransport:transport-backend-cct:3.1.8] AndroidManifest.xml:31:13-33:39
287                android:name="backend:com.google.android.datatransport.cct.CctBackendFactory"
287-->[com.google.android.datatransport:transport-backend-cct:3.1.8] AndroidManifest.xml:32:17-94